Diagnose log at 2023-11-24T10:09:55Z

AppPath: C:\Users\jricarte\scoop\apps\git\2.43.0\mingw64\bin\git-credential-manager.exe
InstallDir: C:\Users\jricarte\scoop\apps\git\2.43.0\mingw64\bin\
Version: 2.4.1

------------
Diagnostic: Environment
Skipped: False
Success: True
Exception: None
Log:
OSType: Windows
OSVersion: 10.0 (build 19045)
Reading environment variables... OK
 Variables:
HOMEPATH=\Users\jricarte
DriverData=C:\Windows\System32\Drivers\DriverData
COMPUTERNAME=HIPERION
GIT_TRACE2_PARENT_SID=81f10351-b5ce-49e4-ac0a-0f6baefc53bc
CommonProgramFiles(x86)=C:\Program Files (x86)\Common Files
OneDrive=C:\Users\jricarte\OneDrive - Lusospace, Lda
ChocolateyLastPathUpdate=133352815565202124
WT_PROFILE_ID={574e775e-4f2a-5b96-ac1e-a2962a402336}
ChocolateyToolsLocation=C:\tools
GIT_INSTALL_ROOT=C:\Users\jricarte\scoop\apps\git\current
MOZ_PLUGIN_PATH=C:\Program Files (x86)\Foxit Software\Foxit PDF Reader\plugins\
PROCESSOR_REVISION=8e0a
PATHEXT=.COM;.EXE;.BAT;.CMD;.VBS;.VBE;.JS;.JSE;.WSF;.WSH;.MSC;.CPL
GIT_EXEC_PATH=C:/Users/jricarte/scoop/apps/git/2.43.0/mingw64/libexec/git-core
TEMP=C:\Users\jricarte\AppData\Local\Temp
LOCALAPPDATA=C:\Users\jricarte\AppData\Local
MSYSTEM=MINGW64
TERM=xterm-256color
MAGICK_CONFIGURE_PATH=C:\Users\jricarte\scoop\apps\imagemagick\current
windir=C:\WINDOWS
JAVA_HOME=C:\Users\jricarte\scoop\apps\temurin-lts-jre\current
USERDOMAIN=LUSOSPACE
VLC=vlc
Path=C:/Users/jricarte/scoop/apps/git/2.43.0/mingw64/libexec/git-core;C:\Users\jricarte\scoop\apps\git\2.43.0\mingw64\bin;C:\Users\jricarte\scoop\apps\git\2.43.0\usr\bin;C:\Users\jricarte\bin;C:\Program Files\WindowsApps\Microsoft.PowerShell_7.4.0.0_x64__8wekyb3d8bbwe;C:\WINDOWS\system32;C:\WINDOWS;C:\WINDOWS\System32\Wbem;C:\WINDOWS\System32\WindowsPowerShell\v1.0\;C:\WINDOWS\System32\OpenSSH\;C:\ProgramData\chocolatey\bin;C:\Program Files\dotnet\;C:\tools\BCURRAN3;C:\Program Files (x86)\dotnet\;C:\Program Files (x86)\Intel\Intel(R) Management Engine Components\DAL;C:\Program Files\Intel\Intel(R) Management Engine Components\DAL;C:\Users\jricarte\scoop\apps\ghostscript\current\lib;C:\Users\jricarte\scoop\apps\imagemagick\current;C:\Users\jricarte\scoop\apps\temurin-lts-jre\current\bin;C:\Users\jricarte\scoop\shims;C:\Users\jricarte\AppData\Local\Microsoft\WindowsApps;C:\Program Files\Portugal Identity Card\;C:\Users\jricarte\scoop\apps\vscode\current\bin;C:\Users\jricarte\scoop\apps\ghostscript\current\lib;C:\Users\jricarte\scoop\apps\temurin-lts-jre\current\bin;C:\Users\jricarte\scoop\apps\imagemagick\current;C:\WINDOWS\system32;C:\WINDOWS;C:\WINDOWS\System32\Wbem;C:\WINDOWS\System32\WindowsPowerShell\v1.0\;C:\WINDOWS\System32\OpenSSH\;C:\ProgramData\chocolatey\bin;C:\Program Files\dotnet\;C:\tools\BCURRAN3;C:\Program Files (x86)\dotnet\;C:\Program Files\Portugal Identity Card\;C:\Program Files (x86)\Intel\Intel(R) Management Engine Components\DAL;C:\Program Files\Intel\Intel(R) Management Engine Components\DAL;C:\Users\jricarte\scoop\shims;C:\Users\jricarte\AppData\Local\Microsoft\WindowsApps;C:\WINDOWS\system32;C:\WINDOWS;C:\WINDOWS\System32\Wbem;C:\WINDOWS\System32\WindowsPowerShell\v1.0\;C:\WINDOWS\System32\OpenSSH\;C:\ProgramData\chocolatey\bin;C:\Program Files\dotnet\;C:\tools\BCURRAN3;C:\Program Files (x86)\dotnet\;C:\Program Files\Portugal Identity Card\;C:\Program Files (x86)\Intel\Intel(R) Management Engine Components\DAL;C:\Program Files\Intel\Intel(R) Management Engine Components\DAL;C:\Users\jricarte\scoop\shims;C:\Users\jricarte\AppData\Local\Microsoft\WindowsApps;C:\Users\jricarte\OneDrive - Lusospace, Lda\Documents\pulseaudio-1.1\bin;C:\Users\jricarte\OneDrive - Lusospace, Lda\Documents\pulseaudio-1.1\bin
USERDNSDOMAIN=LUSOSPACE.NET
DokanLibrary2_LibraryPath_x86=C:\Program Files\Dokan\Dokan Library-2.0.3\x86\lib\
PROCESSOR_LEVEL=6
PROCESSOR_IDENTIFIER=Intel64 Family 6 Model 142 Stepping 10, GenuineIntel
TMPDIR=C:\Users\jricarte\AppData\Local\Temp
SNDCPY_APK=C:\Users\jricarte\scoop\apps\sndcpy\current\sndcpy.apk
ProgramFiles(x86)=C:\Program Files (x86)
PUBLIC=C:\Users\Public
NUMBER_OF_PROCESSORS=8
SESSIONNAME=Console
CommonProgramFiles=C:\Program Files (x86)\Common Files
TMP=C:\Users\jricarte\AppData\Local\Temp
WSLENV=WT_SESSION:WT_PROFILE_ID:
PLINK_PROTOCOL=ssh
COLORTERM=truecolor
ProgramFiles=C:\Program Files (x86)
ChocolateyInstall=C:\ProgramData\chocolatey
MAGICK_HOME=C:\Users\jricarte\scoop\apps\imagemagick\current
DokanLibrary2_LibraryPath_x64=C:\Program Files\Dokan\Dokan Library-2.0.3\lib\
ProgramW6432=C:\Program Files
WT_SESSION=c84f393f-72c5-4680-bf02-2d5ae1b41cfb
HOME=C:\Users\jricarte
DokanLibrary2=C:\Program Files\Dokan\Dokan Library-2.0.3\
LC_CTYPE=C.UTF-8
CommonProgramW6432=C:\Program Files\Common Files
ZES_ENABLE_SYSMAN=1
MAGICK_CODER_MODULE_PATH=C:\Users\jricarte\scoop\apps\imagemagick\current\modules\coders
USERPROFILE=C:\Users\jricarte
SystemRoot=C:\WINDOWS
ProgramData=C:\ProgramData
USERDOMAIN_ROAMINGPROFILE=LUSOSPACE
APPDATA=C:\Users\jricarte\AppData\Roaming
HOMEDRIVE=C:
LOGONSERVER=\\DC01
PSModulePath=C:\Users\jricarte\OneDrive - Lusospace, Lda\Documents\PowerShell\Modules;C:\Program Files\PowerShell\Modules;c:\program files\windowsapps\microsoft.powershell_7.4.0.0_x64__8wekyb3d8bbwe\Modules;C:\Program Files\WindowsPowerShell\Modules;C:\WINDOWS\system32\WindowsPowerShell\v1.0\Modules
USERNAME=jricarte
PROCESSOR_ARCHITEW6432=AMD64
PROCESSOR_ARCHITECTURE=x86
OS=Windows_NT
ComSpec=C:\WINDOWS\system32\cmd.exe
SystemDrive=C:
OneDriveCommercial=C:\Users\jricarte\OneDrive - Lusospace, Lda
ALLUSERSPROFILE=C:\ProgramData


------------
Diagnostic: File system
Skipped: False
Success: True
Exception: None
Log:
Temporary directory is 'C:\Users\jricarte\AppData\Local\Temp\'...
Checking basic file I/O...
Writing to temporary file 'C:\Users\jricarte\AppData\Local\Temp\ba254404b660a6de28066bff'... OK
Reading from temporary file 'C:\Users\jricarte\AppData\Local\Temp\ba254404b660a6de28066bff'... OK
Deleting temporary file 'C:\Users\jricarte\AppData\Local\Temp\ba254404b660a6de28066bff'... OK
Testing IFileSystem instance...
UserHomePath: C:\Users\jricarte
UserDataDirectoryPath: C:\Users\jricarte\.gcm
GetCurrentDirectory(): C:\Users\jricarte\jr-bucket

------------
Diagnostic: Networking
Skipped: False
Success: True
Exception: None
Log:
Checking networking and HTTP stack...
Creating HTTP client... OK
IsNetworkAvailable: True
Sending HEAD request to http://example.com...Sending HEAD request to https://example.com... OK
 OK
Acquiring free TCP port... OK
Testing local HTTP loopback connections...
Creating new HTTP listener for http://localhost:56026/... OK
Waiting for loopback connection... OK
Writing response... OK
Waiting for response data... OK
Loopback connection data OK

------------
Diagnostic: Git
Skipped: False
Success: True
Exception: None
Log:
Getting Git version... OK
Git version is '2.43.0.windows.1'
Locating current repository... OK
Git repository at 'C:/Users/jricarte/jr-bucket/.git'
Listing all Git configuration... OK
Git configuration:
file:C:/Users/jricarte/scoop/apps/git/2.43.0/etc/gitconfig	core.symlinks=false
file:C:/Users/jricarte/scoop/apps/git/2.43.0/etc/gitconfig	core.autocrlf=true
file:C:/Users/jricarte/scoop/apps/git/2.43.0/etc/gitconfig	core.fscache=true
file:C:/Users/jricarte/scoop/apps/git/2.43.0/etc/gitconfig	color.interactive=true
file:C:/Users/jricarte/scoop/apps/git/2.43.0/etc/gitconfig	color.ui=auto
file:C:/Users/jricarte/scoop/apps/git/2.43.0/etc/gitconfig	help.format=html
file:C:/Users/jricarte/scoop/apps/git/2.43.0/etc/gitconfig	diff.astextplain.textconv=astextplain
file:C:/Users/jricarte/scoop/apps/git/2.43.0/etc/gitconfig	rebase.autosquash=true
file:C:/Users/jricarte/scoop/apps/git/2.43.0/etc/gitconfig	filter.lfs.clean=git-lfs clean -- %f
file:C:/Users/jricarte/scoop/apps/git/2.43.0/etc/gitconfig	filter.lfs.smudge=git-lfs smudge -- %f
file:C:/Users/jricarte/scoop/apps/git/2.43.0/etc/gitconfig	filter.lfs.process=git-lfs filter-process
file:C:/Users/jricarte/scoop/apps/git/2.43.0/etc/gitconfig	filter.lfs.required=true
file:C:/Users/jricarte/scoop/apps/git/2.43.0/etc/gitconfig	credential.helper=
file:C:/Users/jricarte/.gitconfig	credential.helperselector.selected=manager-core
file:C:/Users/jricarte/.gitconfig	user.name=joaoricarte
file:C:/Users/jricarte/.gitconfig	user.email=joaoricarte@gmail.com
file:C:/Users/jricarte/.gitconfig	user.password=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
file:C:/Users/jricarte/.gitconfig	credential.helper=
file:C:/Users/jricarte/.gitconfig	credential.helper=C:/Users/jricarte/scoop/apps/git/2.43.0/mingw64/bin/git-credential-manager.exe
file:C:/Users/jricarte/.gitconfig	credential.https://dev.azure.com.usehttppath=true
file:.git/config	core.repositoryformatversion=0
file:.git/config	core.filemode=false
file:.git/config	core.bare=false
file:.git/config	core.logallrefupdates=true
file:.git/config	core.symlinks=false
file:.git/config	core.ignorecase=true
file:.git/config	remote.origin.url=https://github.com/joaoricarte/jr-bucket/
file:.git/config	remote.origin.fetch=+refs/heads/*:refs/remotes/origin/*
file:.git/config	branch.main.remote=origin
file:.git/config	branch.main.merge=refs/heads/main
file:.git/config	user.name=joaoricarte
file:.git/config	credential.username=joaoricarte
file:.git/config	credential.password=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


------------
Diagnostic: Credential storage
Skipped: False
Success: True
Exception: None
Log:
ICredentialStore instance is of type: CredentialStore
Writing test credential... OK
Reading test credential... OK
Deleting test credential... OK

------------
Diagnostic: Microsoft authentication (AAD/MSA)
Skipped: False
Success: True
Exception: None
Log:
Broker is not enabled.
Flow type is: Auto
Gathering MSAL token cache data... OK
CacheDirectory: C:\Users\jricarte\AppData\Local\.IdentityService
CacheFileName: msal.cache
CacheFilePath: C:\Users\jricarte\AppData\Local\.IdentityService\msal.cache
Creating cache helper... OK
Verifying MSAL token cache persistence... OK

------------
Diagnostic: GitHub API
Skipped: False
Success: True
Exception: None
Log:
Using 'https://github.com/' as API target.
Querying '/meta' endpoint... OK

